#
# A fatal error has been detected by the Java Runtime Environment:
#
#  EXCEPTION_ACCESS_VIOLATION (0xc0000005) at pc=0x00007ffd2edc445d, pid=6364, tid=0x000000000000171c
#
# JRE version: Java(TM) SE Runtime Environment (8.0_144-b01) (build 1.8.0_144-b01)
# Java VM: Java HotSpot(TM) 64-Bit Server VM (25.144-b01 mixed mode windows-amd64 compressed oops)
# Problematic frame:
# C  [ntdll.dll+0x1445d]
#
# Failed to write core dump. Minidumps are not enabled by default on client versions of Windows
#
# If you would like to submit a bug report, please visit:
#   http://bugreport.java.com/bugreport/crash.jsp
# The crash happened outside the Java Virtual Machine in native code.
# See problematic frame for where to report the bug.
#

---------------  T H R E A D  ---------------

Current thread (0x0000000016bf0000):  JavaThread "Thread-6" [_thread_in_native, id=5916, stack(0x000000001a0f0000,0x000000001a1f0000)]

siginfo: ExceptionCode=0xc0000005, reading address 0xffffffffffffffff

Registers:
RAX=0x0000000000953000, RBX=0x00000000188aa318, RCX=0x6f6972617573752e, RDX=0x000000001a1ee8b8
RSP=0x000000001a1ee790, RBP=0x000000001a1ee888, RSI=0x00000000188a9f40, RDI=0x0000000000000138
R8 =0x00000000188aa318, R9 =0x0000000017543400, R10=0x0000000002b98a4b, R11=0x000000006124bc50
R12=0x0000000000000000, R13=0x0000000018796880, R14=0x000000001a1ee8b8, R15=0x0000000016bf0000
RIP=0x00007ffd2edc445d, EFLAGS=0x0000000000010206

Top of Stack: (sp=0x000000001a1ee790)
0x000000001a1ee790:   000000001a1ee888 0000000016bf0000
0x000000001a1ee7a0:   000000001a1ee838 000000006125d97a
0x000000001a1ee7b0:   0000000017546658 00000000658f9574
0x000000001a1ee7c0:   00000000ef5f1dd8 0000000016bf0000
0x000000001a1ee7d0:   00000000179405d0 00000000610d71a1
0x000000001a1ee7e0:   000000001a1ef6a8 0000000018796880
0x000000001a1ee7f0:   00000000ef5f1dd8 0000000002b98a77
0x000000001a1ee800:   0000000000000138 0000000002b9881f
0x000000001a1ee810:   0000000016bf0000 0000000018796880
0x000000001a1ee820:   000000001a1ee960 0000000017546658
0x000000001a1ee830:   0000000002b987d9 0000000000000003
0x000000001a1ee840:   00000000ef307a20 000000001a1ee838
0x000000001a1ee850:   0000000018796880 000000001a1ee8b8
0x000000001a1ee860:   0000000018818fd8 0000000000000000
0x000000001a1ee870:   0000000018796880 0000000000000000
0x000000001a1ee880:   000000001a1ee8a8 000000001a1ee900 

Instructions: (pc=0x00007ffd2edc445d)
0x00007ffd2edc443d:   cc cc cc cc cc cc cc cc cc cc cc cc cc cc cc cc
0x00007ffd2edc444d:   cc cc cc 48 83 ec 28 65 48 8b 04 25 30 00 00 00
0x00007ffd2edc445d:   f0 0f ba 71 08 00 48 8b 40 48 73 12 48 89 41 10
0x00007ffd2edc446d:   33 c0 c7 41 0c 01 00 00 00 48 83 c4 28 c3 48 39 


Register to memory mapping:

RAX=0x0000000000953000 is an unknown value
RBX=0x00000000188aa318 is an unknown value
RCX=0x6f6972617573752e is an unknown value
RDX=0x000000001a1ee8b8 is pointing into the stack for thread: 0x0000000016bf0000
RSP=0x000000001a1ee790 is pointing into the stack for thread: 0x0000000016bf0000
RBP=0x000000001a1ee888 is pointing into the stack for thread: 0x0000000016bf0000
RSI=0x00000000188a9f40 is an unknown value
RDI=0x0000000000000138 is an unknown value
R8 =0x00000000188aa318 is an unknown value
R9 =0x0000000017543400 is an unknown value
R10=0x0000000002b98a4b is at code_begin+1227 in an Interpreter codelet
method entry point (kind = native_synchronized)  [0x0000000002b98580, 0x0000000002b99060]  2784 bytes
R11=0x000000006124bc50 is an unknown value
R12=0x0000000000000000 is an unknown value
R13={method} {0x0000000018796888} 'reset' '(J)I' in 'org/sqlite/core/NativeDB'
R14=0x000000001a1ee8b8 is pointing into the stack for thread: 0x0000000016bf0000
R15=0x0000000016bf0000 is a thread


Stack: [0x000000001a0f0000,0x000000001a1f0000],  sp=0x000000001a1ee790,  free space=1017k
Native frames: (J=compiled Java code, j=interpreted, Vv=VM code, C=native code)
C  [ntdll.dll+0x1445d]
C  [sqlite-3.15.1-9b8f036e-8663-40e6-af6f-e31e573d7612-sqlitejdbc.dll+0x79574]
C  0x0000000002b98a77

Java frames: (J=compiled Java code, j=interpreted, Vv=VM code)
j  org.sqlite.core.NativeDB.reset(J)I+0
j  org.sqlite.core.CoreResultSet.close()V+81
j  org.sqlite.jdbc4.JDBC4ResultSet.close()V+6
j  org.sqlite.core.CoreStatement.internalClose()V+34
j  org.sqlite.jdbc3.JDBC3Statement.close()V+33
j  org.sqlite.jdbc4.JDBC4Statement.close()V+1
j  org.hibernate.resource.jdbc.internal.ResourceRegistryStandardImpl.close(Ljava/sql/Statement;)V+74
j  org.hibernate.resource.jdbc.internal.ResourceRegistryStandardImpl.release(Ljava/sql/Statement;)V+81
j  org.hibernate.engine.jdbc.batch.internal.NonBatchingBatch.addToBatch()V+91
j  org.hibernate.persister.entity.AbstractEntityPersister.insert(Ljava/io/Serializable;[Ljava/lang/Object;[ZILjava/lang/String;Ljava/lang/Object;Lorg/hibernate/engine/spi/SharedSessionContractImplementor;)V+297
j  org.hibernate.persister.entity.AbstractEntityPersister.insert(Ljava/io/Serializable;[Ljava/lang/Object;Ljava/lang/Object;Lorg/hibernate/engine/spi/SharedSessionContractImplementor;)V+100
j  org.hibernate.action.internal.EntityInsertAction.execute()V+45
j  org.hibernate.engine.spi.ActionQueue.executeActions(Lorg/hibernate/engine/spi/ExecutableList;)V+25
j  org.hibernate.engine.spi.ActionQueue.executeActions()V+67
j  org.hibernate.event.internal.AbstractFlushingEventListener.performExecutions(Lorg/hibernate/event/spi/EventSource;)V+48
j  org.hibernate.event.internal.DefaultFlushEventListener.onFlush(Lorg/hibernate/event/spi/FlushEvent;)V+53
j  org.hibernate.internal.SessionImpl.doFlush()V+72
j  org.hibernate.internal.SessionImpl.managedFlush()V+36
j  org.hibernate.internal.SessionImpl.flushBeforeTransactionCompletion()V+28
j  org.hibernate.internal.SessionImpl.beforeTransactionCompletion()V+16
j  org.hibernate.engine.jdbc.internal.JdbcCoordinatorImpl.beforeTransactionCompletion()V+4
j  org.hibernate.resource.transaction.backend.jdbc.internal.JdbcResourceLocalTransactionCoordinatorImpl.beforeCompletionCallback()V+14
j  org.hibernate.resource.transaction.backend.jdbc.internal.JdbcResourceLocalTransactionCoordinatorImpl.access$100(Lorg/hibernate/resource/transaction/backend/jdbc/internal/JdbcResourceLocalTransactionCoordinatorImpl;)V+1
j  org.hibernate.resource.transaction.backend.jdbc.internal.JdbcResourceLocalTransactionCoordinatorImpl$TransactionDriverControlImpl.commit()V+21
j  org.hibernate.engine.transaction.internal.TransactionImpl.commit()V+29
j  servidor.Conector.registrarUsuario(Lmensajeria/PaqueteUsuario;)Z+206
j  comandos.Registro.ejecutar()V+55
j  servidor.EscuchaCliente.run()V+58
v  ~StubRoutines::call_stub

---------------  P R O C E S S  ---------------

Java Threads: ( => current thread )
  0x000000001a56d800 JavaThread "pool-1-thread-1" [_thread_blocked, id=4032, stack(0x000000001c890000,0x000000001c990000)]
=>0x0000000016bf0000 JavaThread "Thread-6" [_thread_in_native, id=5916, stack(0x000000001a0f0000,0x000000001a1f0000)]
  0x0000000017954800 JavaThread "Thread-5" [_thread_blocked, id=6516, stack(0x0000000019ff0000,0x000000001a0f0000)]
  0x000000001799b800 JavaThread "Thread-4" [_thread_blocked, id=1932, stack(0x0000000019ef0000,0x0000000019ff0000)]
  0x0000000017845800 JavaThread "Thread-3" [_thread_in_native, id=6956, stack(0x0000000019be0000,0x0000000019ce0000)]
  0x0000000017835000 JavaThread "TimerQueue" daemon [_thread_blocked, id=6948, stack(0x00000000192e0000,0x00000000193e0000)]
  0x000000000294e000 JavaThread "DestroyJavaVM" [_thread_blocked, id=1632, stack(0x0000000002980000,0x0000000002a80000)]
  0x00000000175ab800 JavaThread "AWT-EventQueue-0" [_thread_blocked, id=3460, stack(0x0000000018440000,0x0000000018540000)]
  0x0000000017548000 JavaThread "AWT-Windows" daemon [_thread_in_native, id=7796, stack(0x0000000017e70000,0x0000000017f70000)]
  0x0000000017545000 JavaThread "AWT-Shutdown" [_thread_blocked, id=5840, stack(0x0000000017d70000,0x0000000017e70000)]
  0x0000000017542000 JavaThread "Java2D Disposer" daemon [_thread_blocked, id=7816, stack(0x0000000017c70000,0x0000000017d70000)]
  0x0000000016b12000 JavaThread "Service Thread" daemon [_thread_blocked, id=2324, stack(0x0000000016ed0000,0x0000000016fd0000)]
  0x0000000015188800 JavaThread "C1 CompilerThread2" daemon [_thread_blocked, id=6960, stack(0x00000000169d0000,0x0000000016ad0000)]
  0x0000000015165000 JavaThread "C2 CompilerThread1" daemon [_thread_in_native, id=7692, stack(0x00000000168d0000,0x00000000169d0000)]
  0x000000001515e800 JavaThread "C2 CompilerThread0" daemon [_thread_blocked, id=7636, stack(0x00000000167d0000,0x00000000168d0000)]
  0x000000001515d000 JavaThread "Attach Listener" daemon [_thread_blocked, id=7632, stack(0x00000000166d0000,0x00000000167d0000)]
  0x000000001515b800 JavaThread "Signal Dispatcher" daemon [_thread_blocked, id=7504, stack(0x00000000165d0000,0x00000000166d0000)]
  0x0000000002b7c000 JavaThread "Finalizer" daemon [_thread_blocked, id=7476, stack(0x00000000163c0000,0x00000000164c0000)]
  0x0000000002b71000 JavaThread "Reference Handler" daemon [_thread_blocked, id=7468, stack(0x00000000162c0000,0x00000000163c0000)]

Other Threads:
  0x0000000015126800 VMThread [stack: 0x00000000161c0000,0x00000000162c0000] [id=7640]
  0x0000000016b1f800 WatcherThread [stack: 0x0000000016fd0000,0x00000000170d0000] [id=7488]

VM state:not at safepoint (normal execution)

VM Mutex/Monitor currently owned by a thread: None

Heap:
 PSYoungGen      total 71168K, used 17844K [0x00000000eb380000, 0x00000000f4000000, 0x0000000100000000)
  eden space 64512K, 17% used [0x00000000eb380000,0x00000000ebe73490,0x00000000ef280000)
  from space 6656K, 99% used [0x00000000ef280000,0x00000000ef8f9e58,0x00000000ef900000)
  to   space 9216K, 0% used [0x00000000f3700000,0x00000000f3700000,0x00000000f4000000)
 ParOldGen       total 30208K, used 12693K [0x00000000c1a00000, 0x00000000c3780000, 0x00000000eb380000)
  object space 30208K, 42% used [0x00000000c1a00000,0x00000000c26656b8,0x00000000c3780000)
 Metaspace       used 33773K, capacity 34162K, committed 34688K, reserved 1079296K
  class space    used 4605K, capacity 4700K, committed 4736K, reserved 1048576K

Card table byte_map: [0x0000000011f40000,0x0000000012140000] byte_map_base: 0x0000000011933000

Marking Bits: (ParMarkBitMap*) 0x000000006183d850
 Begin Bits: [0x0000000012690000, 0x0000000013628000)
 End Bits:   [0x0000000013628000, 0x00000000145c0000)

Polling page: 0x0000000001080000

CodeCache: size=245760Kb used=9004Kb max_used=9008Kb free=236755Kb
 bounds [0x0000000002b80000, 0x0000000003460000, 0x0000000011b80000]
 total_blobs=3220 nmethods=2620 adapters=512
 compilation: enabled

Compilation events (10 events):
Event: 32.698 Thread 0x0000000015188800 nmethod 2629 0x0000000003443d10 code [0x0000000003443e80, 0x0000000003444138]
Event: 32.698 Thread 0x0000000015188800 2630   !   3       java.lang.Class::getSimpleBinaryName (38 bytes)
Event: 32.700 Thread 0x0000000015188800 nmethod 2630 0x0000000002cc2950 code [0x0000000002cc2b20, 0x0000000002cc3308]
Event: 32.700 Thread 0x0000000015188800 2631       3       java.lang.Class::getEnclosingClass (60 bytes)
Event: 32.702 Thread 0x0000000015188800 nmethod 2631 0x00000000034452d0 code [0x0000000003445500, 0x0000000003445f08]
Event: 32.884 Thread 0x000000001515e800 nmethod 2600 0x000000000344d850 code [0x000000000344dc80, 0x00000000034523c0]
Event: 32.885 Thread 0x000000001515e800 2623       4       java.lang.String::toLowerCase (439 bytes)
Event: 32.909 Thread 0x000000001515e800 nmethod 2623 0x0000000003448f50 code [0x0000000003449100, 0x00000000034499b8]
Event: 32.909 Thread 0x000000001515e800 2620       4       java.lang.String::lastIndexOf (151 bytes)
Event: 32.914 Thread 0x000000001515e800 nmethod 2620 0x0000000002c7f9d0 code [0x0000000002c7fb20, 0x0000000002c7fd78]

GC Heap History (10 events):
Event: 24.891 GC heap before
{Heap before GC invocations=4 (full 0):
 PSYoungGen      total 18944K, used 18939K [0x00000000eb380000, 0x00000000ed880000, 0x0000000100000000)
  eden space 16384K, 100% used [0x00000000eb380000,0x00000000ec380000,0x00000000ec380000)
  from space 2560K, 99% used [0x00000000ec380000,0x00000000ec5feda8,0x00000000ec600000)
  to   space 2560K, 0% used [0x00000000ed600000,0x00000000ed600000,0x00000000ed880000)
 ParOldGen       total 44032K, used 7026K [0x00000000c1a00000, 0x00000000c4500000, 0x00000000eb380000)
  object space 44032K, 15% used [0x00000000c1a00000,0x00000000c20dcb58,0x00000000c4500000)
 Metaspace       used 20044K, capacity 20258K, committed 20608K, reserved 1067008K
  class space    used 2526K, capacity 2588K, committed 2688K, reserved 1048576K
Event: 24.905 GC heap after
Heap after GC invocations=4 (full 0):
 PSYoungGen      total 35328K, used 2533K [0x00000000eb380000, 0x00000000ed880000, 0x0000000100000000)
  eden space 32768K, 0% used [0x00000000eb380000,0x00000000eb380000,0x00000000ed380000)
  from space 2560K, 98% used [0x00000000ed600000,0x00000000ed8795e0,0x00000000ed880000)
  to   space 2560K, 0% used [0x00000000ed380000,0x00000000ed380000,0x00000000ed600000)
 ParOldGen       total 44032K, used 9550K [0x00000000c1a00000, 0x00000000c4500000, 0x00000000eb380000)
  object space 44032K, 21% used [0x00000000c1a00000,0x00000000c2353930,0x00000000c4500000)
 Metaspace       used 20044K, capacity 20258K, committed 20608K, reserved 1067008K
  class space    used 2526K, capacity 2588K, committed 2688K, reserved 1048576K
}
Event: 26.126 GC heap before
{Heap before GC invocations=5 (full 0):
 PSYoungGen      total 35328K, used 11819K [0x00000000eb380000, 0x00000000ed880000, 0x0000000100000000)
  eden space 32768K, 28% used [0x00000000eb380000,0x00000000ebc91a10,0x00000000ed380000)
  from space 2560K, 98% used [0x00000000ed600000,0x00000000ed8795e0,0x00000000ed880000)
  to   space 2560K, 0% used [0x00000000ed380000,0x00000000ed380000,0x00000000ed600000)
 ParOldGen       total 44032K, used 9550K [0x00000000c1a00000, 0x00000000c4500000, 0x00000000eb380000)
  object space 44032K, 21% used [0x00000000c1a00000,0x00000000c2353930,0x00000000c4500000)
 Metaspace       used 20713K, capacity 20960K, committed 21248K, reserved 1067008K
  class space    used 2605K, capacity 2689K, committed 2816K, reserved 1048576K
Event: 26.137 GC heap after
Heap after GC invocations=5 (full 0):
 PSYoungGen      total 35328K, used 2470K [0x00000000eb380000, 0x00000000f0080000, 0x0000000100000000)
  eden space 32768K, 0% used [0x00000000eb380000,0x00000000eb380000,0x00000000ed380000)
  from space 2560K, 96% used [0x00000000ed380000,0x00000000ed5e9bf8,0x00000000ed600000)
  to   space 6656K, 0% used [0x00000000efa00000,0x00000000efa00000,0x00000000f0080000)
 ParOldGen       total 44032K, used 10933K [0x00000000c1a00000, 0x00000000c4500000, 0x00000000eb380000)
  object space 44032K, 24% used [0x00000000c1a00000,0x00000000c24ad4e0,0x00000000c4500000)
 Metaspace       used 20713K, capacity 20960K, committed 21248K, reserved 1067008K
  class space    used 2605K, capacity 2689K, committed 2816K, reserved 1048576K
}
Event: 26.137 GC heap before
{Heap before GC invocations=6 (full 1):
 PSYoungGen      total 35328K, used 2470K [0x00000000eb380000, 0x00000000f0080000, 0x0000000100000000)
  eden space 32768K, 0% used [0x00000000eb380000,0x00000000eb380000,0x00000000ed380000)
  from space 2560K, 96% used [0x00000000ed380000,0x00000000ed5e9bf8,0x00000000ed600000)
  to   space 6656K, 0% used [0x00000000efa00000,0x00000000efa00000,0x00000000f0080000)
 ParOldGen       total 44032K, used 10933K [0x00000000c1a00000, 0x00000000c4500000, 0x00000000eb380000)
  object space 44032K, 24% used [0x00000000c1a00000,0x00000000c24ad4e0,0x00000000c4500000)
 Metaspace       used 20713K, capacity 20960K, committed 21248K, reserved 1067008K
  class space    used 2605K, capacity 2689K, committed 2816K, reserved 1048576K
Event: 26.194 GC heap after
Heap after GC invocations=6 (full 1):
 PSYoungGen      total 35328K, used 0K [0x00000000eb380000, 0x00000000f0080000, 0x0000000100000000)
  eden space 32768K, 0% used [0x00000000eb380000,0x00000000eb380000,0x00000000ed380000)
  from space 2560K, 0% used [0x00000000ed380000,0x00000000ed380000,0x00000000ed600000)
  to   space 6656K, 0% used [0x00000000efa00000,0x00000000efa00000,0x00000000f0080000)
 ParOldGen       total 30208K, used 9312K [0x00000000c1a00000, 0x00000000c3780000, 0x00000000eb380000)
  object space 30208K, 30% used [0x00000000c1a00000,0x00000000c2318100,0x00000000c3780000)
 Metaspace       used 20713K, capacity 20960K, committed 21248K, reserved 1067008K
  class space    used 2605K, capacity 2689K, committed 2816K, reserved 1048576K
}
Event: 29.039 GC heap before
{Heap before GC invocations=7 (full 1):
 PSYoungGen      total 35328K, used 32768K [0x00000000eb380000, 0x00000000f0080000, 0x0000000100000000)
  eden space 32768K, 100% used [0x00000000eb380000,0x00000000ed380000,0x00000000ed380000)
  from space 2560K, 0% used [0x00000000ed380000,0x00000000ed380000,0x00000000ed600000)
  to   space 6656K, 0% used [0x00000000efa00000,0x00000000efa00000,0x00000000f0080000)
 ParOldGen       total 30208K, used 9312K [0x00000000c1a00000, 0x00000000c3780000, 0x00000000eb380000)
  object space 30208K, 30% used [0x00000000c1a00000,0x00000000c2318100,0x00000000c3780000)
 Metaspace       used 22948K, capacity 23312K, committed 23552K, reserved 1069056K
  class space    used 3117K, capacity 3219K, committed 3328K, reserved 1048576K
Event: 29.050 GC heap after
Heap after GC invocations=7 (full 1):
 PSYoungGen      total 70144K, used 2424K [0x00000000eb380000, 0x00000000eff80000, 0x0000000100000000)
  eden space 64512K, 0% used [0x00000000eb380000,0x00000000eb380000,0x00000000ef280000)
  from space 5632K, 43% used [0x00000000efa00000,0x00000000efc5e228,0x00000000eff80000)
  to   space 6656K, 0% used [0x00000000ef280000,0x00000000ef280000,0x00000000ef900000)
 ParOldGen       total 30208K, used 9320K [0x00000000c1a00000, 0x00000000c3780000, 0x00000000eb380000)
  object space 30208K, 30% used [0x00000000c1a00000,0x00000000c231a100,0x00000000c3780000)
 Metaspace       used 22948K, capacity 23312K, committed 23552K, reserved 1069056K
  class space    used 3117K, capacity 3219K, committed 3328K, reserved 1048576K
}
Event: 32.273 GC heap before
{Heap before GC invocations=8 (full 1):
 PSYoungGen      total 70144K, used 66936K [0x00000000eb380000, 0x00000000eff80000, 0x0000000100000000)
  eden space 64512K, 100% used [0x00000000eb380000,0x00000000ef280000,0x00000000ef280000)
  from space 5632K, 43% used [0x00000000efa00000,0x00000000efc5e228,0x00000000eff80000)
  to   space 6656K, 0% used [0x00000000ef280000,0x00000000ef280000,0x00000000ef900000)
 ParOldGen       total 30208K, used 9320K [0x00000000c1a00000, 0x00000000c3780000, 0x00000000eb380000)
  object space 30208K, 30% used [0x00000000c1a00000,0x00000000c231a100,0x00000000c3780000)
 Metaspace       used 32153K, capacity 32540K, committed 33024K, reserved 1077248K
  class space    used 4414K, capacity 4503K, committed 4608K, reserved 1048576K
Event: 32.288 GC heap after
Heap after GC invocations=8 (full 1):
 PSYoungGen      total 71168K, used 6631K [0x00000000eb380000, 0x00000000f4000000, 0x0000000100000000)
  eden space 64512K, 0% used [0x00000000eb380000,0x00000000eb380000,0x00000000ef280000)
  from space 6656K, 99% used [0x00000000ef280000,0x00000000ef8f9e58,0x00000000ef900000)
  to   space 9216K, 0% used [0x00000000f3700000,0x00000000f3700000,0x00000000f4000000)
 ParOldGen       total 30208K, used 12693K [0x00000000c1a00000, 0x00000000c3780000, 0x00000000eb380000)
  object space 30208K, 42% used [0x00000000c1a00000,0x00000000c26656b8,0x00000000c3780000)
 Metaspace       used 32153K, capacity 32540K, committed 33024K, reserved 1077248K
  class space    used 4414K, capacity 4503K, committed 4608K, reserved 1048576K
}

Deoptimization events (10 events):
Event: 25.984 Thread 0x0000000016bf0000 Uncommon trap: reason=unstable_if action=reinterpret pc=0x0000000002fd9fc0 method=java.util.HashMap.resize()[Ljava/util/HashMap$Node; @ 206
Event: 26.006 Thread 0x0000000016bf0000 Uncommon trap: reason=unstable_if action=reinterpret pc=0x0000000003036038 method=com.sun.org.apache.xerces.internal.impl.XMLEntityScanner.peekChar()I @ 14
Event: 29.399 Thread 0x0000000016bf0000 Uncommon trap: reason=unstable_if action=reinterpret pc=0x000000000311a4a0 method=com.sun.org.apache.xerces.internal.impl.XMLDocumentFragmentScannerImpl$FragmentContentDriver.next()I @ 861
Event: 29.472 Thread 0x0000000016bf0000 Uncommon trap: reason=unstable_if action=reinterpret pc=0x00000000032f0594 method=java.util.concurrent.ConcurrentHashMap.putVal(Ljava/lang/Object;Ljava/lang/Object;Z)Ljava/lang/Object; @ 206
Event: 29.681 Thread 0x0000000016bf0000 Uncommon trap: reason=unstable_if action=reinterpret pc=0x0000000002fd678c method=java.lang.ThreadLocal$ThreadLocalMap.getEntry(Ljava/lang/ThreadLocal;)Ljava/lang/ThreadLocal$ThreadLocalMap$Entry; @ 29
Event: 32.345 Thread 0x0000000016bf0000 Uncommon trap: reason=unstable_if action=reinterpret pc=0x0000000002ca92c0 method=java.lang.CharacterData.of(I)Ljava/lang/CharacterData; @ 4
Event: 32.353 Thread 0x0000000016bf0000 Uncommon trap: reason=unstable_if action=reinterpret pc=0x0000000002f3be9c method=java.util.regex.Pattern$BmpCharProperty.match(Ljava/util/regex/Matcher;ILjava/lang/CharSequence;)Z @ 5
Event: 32.353 Thread 0x0000000016bf0000 Uncommon trap: reason=unstable_if action=reinterpret pc=0x0000000002f3bec4 method=java.util.regex.Pattern$BmpCharProperty.match(Ljava/util/regex/Matcher;ILjava/lang/CharSequence;)Z @ 34
Event: 32.455 Thread 0x0000000016bf0000 Uncommon trap: reason=unstable_if action=reinterpret pc=0x000000000340effc method=java.lang.String.indexOf([CII[CIII)I @ 27
Event: 32.455 Thread 0x0000000016bf0000 Uncommon trap: reason=unstable_if action=reinterpret pc=0x00000000033eb6c4 method=java.lang.String.indexOf([CII[CIII)I @ 27

Internal exceptions (10 events):
Event: 0.957 Thread 0x000000000294e000 Exception <a 'java/io/FileNotFoundException'> (0x00000000ebd6c010) thrown at [C:\re\workspace\8-2-build-windows-amd64-cygwin\jdk8u144\9417\hotspot\src\share\vm\prims\jni.cpp, line 709]
Event: 0.972 Thread 0x000000000294e000 Exception <a 'java/io/FileNotFoundException'> (0x00000000ebdeb368) thrown at [C:\re\workspace\8-2-build-windows-amd64-cygwin\jdk8u144\9417\hotspot\src\share\vm\prims\jni.cpp, line 709]
Event: 3.966 Thread 0x0000000017845800 Exception <a 'java/lang/ArrayIndexOutOfBoundsException': 18> (0x00000000ec117bb8) thrown at [C:\re\workspace\8-2-build-windows-amd64-cygwin\jdk8u144\9417\hotspot\src\share\vm\interpreter\interpreterRuntime.cpp, line 366]
Event: 3.967 Thread 0x0000000017845800 Exception <a 'java/lang/ArrayIndexOutOfBoundsException': 55> (0x00000000ec118928) thrown at [C:\re\workspace\8-2-build-windows-amd64-cygwin\jdk8u144\9417\hotspot\src\share\vm\interpreter\interpreterRuntime.cpp, line 366]
Event: 3.967 Thread 0x0000000017845800 Exception <a 'java/lang/ArrayIndexOutOfBoundsException': 40> (0x00000000ec119798) thrown at [C:\re\workspace\8-2-build-windows-amd64-cygwin\jdk8u144\9417\hotspot\src\share\vm\interpreter\interpreterRuntime.cpp, line 366]
Event: 24.242 Thread 0x0000000016bf0000 Exception <a 'java/lang/ClassNotFoundException': com/sun/org/glassfish/hk2/osgiresourcelocator/ServiceLoader> (0x00000000ebf34bb0) thrown at [C:\re\workspace\8-2-build-windows-amd64-cygwin\jdk8u144\9417\hotspot\src\share\vm\classfile\systemDictionary.cpp,
Event: 24.292 Thread 0x0000000016bf0000 Exception <a 'java/lang/NullPointerException'> (0x00000000ebf3e4a0) thrown at [C:\re\workspace\8-2-build-windows-amd64-cygwin\jdk8u144\9417\hotspot\src\share\vm\interpreter\linkResolver.cpp, line 1299]
Event: 24.468 Thread 0x0000000016bf0000 Exception <a 'java/lang/ArrayIndexOutOfBoundsException'> (0x00000000ebff4790) thrown at [C:\re\workspace\8-2-build-windows-amd64-cygwin\jdk8u144\9417\hotspot\src\share\vm\runtime\sharedRuntime.cpp, line 605]
Event: 24.468 Thread 0x0000000016bf0000 Exception <a 'java/lang/ArrayIndexOutOfBoundsException'> (0x00000000ebff5c78) thrown at [C:\re\workspace\8-2-build-windows-amd64-cygwin\jdk8u144\9417\hotspot\src\share\vm\runtime\sharedRuntime.cpp, line 605]
Event: 26.106 Thread 0x0000000016bf0000 Exception <a 'java/lang/ClassNotFoundException': com/sun/org/glassfish/hk2/osgiresourcelocator/ServiceLoader> (0x00000000ebc08428) thrown at [C:\re\workspace\8-2-build-windows-amd64-cygwin\jdk8u144\9417\hotspot\src\share\vm\classfile\systemDictionary.cpp,

Events (10 events):
Event: 32.697 Executing VM operation: RevokeBias
Event: 32.697 Executing VM operation: RevokeBias done
Event: 32.697 Executing VM operation: RevokeBias
Event: 32.698 Executing VM operation: RevokeBias done
Event: 32.698 Executing VM operation: RevokeBias
Event: 32.698 Executing VM operation: RevokeBias done
Event: 32.700 Executing VM operation: RevokeBias
Event: 32.700 Executing VM operation: RevokeBias done
Event: 33.099 loading class org/sqlite/SQLiteErrorCode
Event: 33.099 loading class org/sqlite/SQLiteErrorCode done


Dynamic libraries:
0x00007ff7200f0000 - 0x00007ff720127000 	C:\Program Files\Java\jdk1.8.0_144\bin\javaw.exe
0x00007ffd2edb0000 - 0x00007ffd2ef8b000 	C:\WINDOWS\SYSTEM32\ntdll.dll
0x00007ffd2ea00000 - 0x00007ffd2eaae000 	C:\WINDOWS\System32\KERNEL32.DLL
0x00007ffd2b2d0000 - 0x00007ffd2b519000 	C:\WINDOWS\System32\KERNELBASE.dll
0x00007ffd2c4e0000 - 0x00007ffd2c581000 	C:\WINDOWS\System32\ADVAPI32.dll
0x00007ffd2c310000 - 0x00007ffd2c3ad000 	C:\WINDOWS\System32\msvcrt.dll
0x00007ffd2d2c0000 - 0x00007ffd2d319000 	C:\WINDOWS\System32\sechost.dll
0x00007ffd2c880000 - 0x00007ffd2c9a5000 	C:\WINDOWS\System32\RPCRT4.dll
0x00007ffd2e810000 - 0x00007ffd2e95a000 	C:\WINDOWS\System32\USER32.dll
0x00007ffd2b5d0000 - 0x00007ffd2b5ee000 	C:\WINDOWS\System32\win32u.dll
0x00007ffd2d380000 - 0x00007ffd2d3a7000 	C:\WINDOWS\System32\GDI32.dll
0x00007ffd2bf10000 - 0x00007ffd2c097000 	C:\WINDOWS\System32\gdi32full.dll
0x00007ffd2c270000 - 0x00007ffd2c30a000 	C:\WINDOWS\System32\msvcp_win.dll
0x00007ffd2be10000 - 0x00007ffd2bf06000 	C:\WINDOWS\System32\ucrtbase.dll
0x00007ffd1edb0000 - 0x00007ffd1f017000 	C:\WINDOWS\WinSxS\amd64_microsoft.windows.common-controls_6595b64144ccf1df_6.0.15063.483_none_26002d27e7c744a2\COMCTL32.dll
0x00007ffd2eab0000 - 0x00007ffd2eda9000 	C:\WINDOWS\System32\combase.dll
0x00007ffd2bcf0000 - 0x00007ffd2bd5a000 	C:\WINDOWS\System32\bcryptPrimitives.dll
0x00007ffd2c590000 - 0x00007ffd2c5bd000 	C:\WINDOWS\System32\IMM32.DLL
0x0000000061e90000 - 0x0000000061f62000 	C:\Program Files\Java\jdk1.8.0_144\jre\bin\msvcr100.dll
0x0000000061020000 - 0x00000000618bd000 	C:\Program Files\Java\jdk1.8.0_144\jre\bin\server\jvm.dll
0x00007ffd2c4d0000 - 0x00007ffd2c4d8000 	C:\WINDOWS\System32\PSAPI.DLL
0x00007ffd1d050000 - 0x00007ffd1d059000 	C:\WINDOWS\SYSTEM32\WSOCK32.dll
0x00007ffd28c50000 - 0x00007ffd28c73000 	C:\WINDOWS\SYSTEM32\WINMM.dll
0x00007ffd2c5c0000 - 0x00007ffd2c62c000 	C:\WINDOWS\System32\WS2_32.dll
0x00007ffd1d000000 - 0x00007ffd1d00a000 	C:\WINDOWS\SYSTEM32\VERSION.dll
0x00007ffd28c20000 - 0x00007ffd28c4b000 	C:\WINDOWS\SYSTEM32\WINMMBASE.dll
0x00007ffd2b580000 - 0x00007ffd2b5c9000 	C:\WINDOWS\System32\cfgmgr32.dll
0x0000000060f30000 - 0x0000000060f3f000 	C:\Program Files\Java\jdk1.8.0_144\jre\bin\verify.dll
0x0000000060f00000 - 0x0000000060f29000 	C:\Program Files\Java\jdk1.8.0_144\jre\bin\java.dll
0x0000000060ee0000 - 0x0000000060ef6000 	C:\Program Files\Java\jdk1.8.0_144\jre\bin\zip.dll
0x00007ffd2d3b0000 - 0x00007ffd2e7e6000 	C:\WINDOWS\System32\SHELL32.dll
0x00007ffd2c7d0000 - 0x00007ffd2c87a000 	C:\WINDOWS\System32\shcore.dll
0x00007ffd2b5f0000 - 0x00007ffd2bce1000 	C:\WINDOWS\System32\windows.storage.dll
0x00007ffd2d320000 - 0x00007ffd2d371000 	C:\WINDOWS\System32\shlwapi.dll
0x00007ffd2b220000 - 0x00007ffd2b231000 	C:\WINDOWS\System32\kernel.appcore.dll
0x00007ffd2b260000 - 0x00007ffd2b2ac000 	C:\WINDOWS\System32\powrprof.dll
0x00007ffd2b2b0000 - 0x00007ffd2b2c5000 	C:\WINDOWS\System32\profapi.dll
0x0000000061cf0000 - 0x0000000061e88000 	C:\Program Files\Java\jdk1.8.0_144\jre\bin\awt.dll
0x00007ffd2cdf0000 - 0x00007ffd2ceb0000 	C:\WINDOWS\System32\OLEAUT32.dll
0x00007ffd298d0000 - 0x00007ffd2994e000 	C:\WINDOWS\SYSTEM32\apphelp.dll
0x00007ffd28440000 - 0x00007ffd2846a000 	C:\WINDOWS\system32\DWMAPI.DLL
0x00007ffd299c0000 - 0x00007ffd29a55000 	C:\WINDOWS\system32\uxtheme.dll
0x00007ffd0fbb0000 - 0x00007ffd0fcd1000 	C:\WINDOWS\system32\opengl32.dll
0x00007ffd10600000 - 0x00007ffd1062c000 	C:\WINDOWS\SYSTEM32\GLU32.dll
0x00007ffd2d080000 - 0x00007ffd2d1e6000 	C:\WINDOWS\System32\MSCTF.dll
0x00007ffd2ceb0000 - 0x00007ffd2cff5000 	C:\WINDOWS\System32\ole32.dll
0x0000000061ca0000 - 0x0000000061ce7000 	C:\Program Files\Java\jdk1.8.0_144\jre\bin\fontmanager.dll
0x00007ffd2e960000 - 0x00007ffd2e9fe000 	C:\WINDOWS\System32\clbcatq.dll
0x00007ffd274d0000 - 0x00007ffd2767c000 	C:\WINDOWS\SYSTEM32\WindowsCodecs.dll
0x00007ffd0f320000 - 0x00007ffd0f367000 	C:\WINDOWS\system32\dataexchange.dll
0x00007ffd284d0000 - 0x00007ffd287af000 	C:\WINDOWS\system32\d3d11.dll
0x00007ffd29400000 - 0x00007ffd29522000 	C:\WINDOWS\system32\dcomp.dll
0x00007ffd2a170000 - 0x00007ffd2a214000 	C:\WINDOWS\system32\dxgi.dll
0x00007ffd29d10000 - 0x00007ffd29e80000 	C:\WINDOWS\system32\twinapi.appcore.dll
0x00007ffd2b050000 - 0x00007ffd2b075000 	C:\WINDOWS\system32\bcrypt.dll
0x0000000060ec0000 - 0x0000000060eda000 	C:\Program Files\Java\jdk1.8.0_144\jre\bin\net.dll
0x00007ffd2aad0000 - 0x00007ffd2ab2c000 	C:\WINDOWS\system32\mswsock.dll
0x0000000060ea0000 - 0x0000000060eb1000 	C:\Program Files\Java\jdk1.8.0_144\jre\bin\nio.dll
0x0000000061c50000 - 0x0000000061c92000 	C:\Program Files\Java\jdk1.8.0_144\jre\bin\t2k.dll
0x00007ffd235a0000 - 0x00007ffd23622000 	C:\WINDOWS\System32\TextInputFramework.dll
0x00007ffd270b0000 - 0x00007ffd27382000 	C:\WINDOWS\System32\CoreUIComponents.dll
0x00007ffd29260000 - 0x00007ffd29343000 	C:\WINDOWS\System32\CoreMessaging.dll
0x00007ffd2a430000 - 0x00007ffd2a461000 	C:\WINDOWS\SYSTEM32\ntmarta.dll
0x00007ffd27a30000 - 0x00007ffd27b69000 	C:\WINDOWS\SYSTEM32\wintypes.dll
0x00007ffd27fa0000 - 0x00007ffd27fb5000 	C:\WINDOWS\SYSTEM32\usermgrcli.dll
0x00007ffd2ac70000 - 0x00007ffd2ac87000 	C:\WINDOWS\SYSTEM32\CRYPTSP.dll
0x00007ffd2a6f0000 - 0x00007ffd2a724000 	C:\WINDOWS\system32\rsaenh.dll
0x00007ffd2b120000 - 0x00007ffd2b149000 	C:\WINDOWS\SYSTEM32\USERENV.dll
0x00007ffd2ac90000 - 0x00007ffd2ac9b000 	C:\WINDOWS\SYSTEM32\CRYPTBASE.dll
0x00007ffd2a870000 - 0x00007ffd2a8a7000 	C:\WINDOWS\SYSTEM32\IPHLPAPI.DLL
0x00007ffd2c3b0000 - 0x00007ffd2c3b8000 	C:\WINDOWS\System32\NSI.dll
0x00007ffd20f60000 - 0x00007ffd20f76000 	C:\WINDOWS\SYSTEM32\dhcpcsvc6.DLL
0x00007ffd212f0000 - 0x00007ffd2130a000 	C:\WINDOWS\SYSTEM32\dhcpcsvc.DLL
0x0000000065880000 - 0x0000000065970000 	C:\Users\joaqu\AppData\Local\Temp\sqlite-3.15.1-9b8f036e-8663-40e6-af6f-e31e573d7612-sqlitejdbc.dll
0x00007ffd19270000 - 0x00007ffd19419000 	C:\WINDOWS\SYSTEM32\dbghelp.dll

VM Arguments:
jvm_args: -Dfile.encoding=UTF-8 
java_command: servidor.Servidor
java_class_path (initial): C:\Program Files\Java\jdk1.8.0_144\jre\lib\resources.jar;C:\Program Files\Java\jdk1.8.0_144\jre\lib\rt.jar;C:\Program Files\Java\jdk1.8.0_144\jre\lib\jsse.jar;C:\Program Files\Java\jdk1.8.0_144\jre\lib\jce.jar;C:\Program Files\Java\jdk1.8.0_144\jre\lib\charsets.jar;C:\Program Files\Java\jdk1.8.0_144\jre\lib\jfr.jar;C:\Program Files\Java\jdk1.8.0_144\jre\lib\ext\access-bridge-64.jar;C:\Program Files\Java\jdk1.8.0_144\jre\lib\ext\cldrdata.jar;C:\Program Files\Java\jdk1.8.0_144\jre\lib\ext\dnsns.jar;C:\Program Files\Java\jdk1.8.0_144\jre\lib\ext\jaccess.jar;C:\Program Files\Java\jdk1.8.0_144\jre\lib\ext\jfxrt.jar;C:\Program Files\Java\jdk1.8.0_144\jre\lib\ext\localedata.jar;C:\Program Files\Java\jdk1.8.0_144\jre\lib\ext\nashorn.jar;C:\Program Files\Java\jdk1.8.0_144\jre\lib\ext\sunec.jar;C:\Program Files\Java\jdk1.8.0_144\jre\lib\ext\sunjce_provider.jar;C:\Program Files\Java\jdk1.8.0_144\jre\lib\ext\sunmscapi.jar;C:\Program Files\Java\jdk1.8.0_144\jre\lib\ext\sunpkcs11.jar;C:\Program Files\Java\jdk1.8.0_144\jre\lib\ext\zipfs.jar;C:\Users\joaqu\Desktop\TpTaller\jrpg-2017b-servidor\bin;C:\Users\joaqu\Desktop\TpTaller\jrpg-2017b-servidor\gson-2.8.0.jar;C:\Users\joaqu\Desktop\TpTaller\jrpg-2017b-servidor\sqlite-jdbc-3.15.1.jar;C:\Program Files\eclipse\plugins\org.junit_4.12.0.v201504281640\junit.jar;C:\Program Files\eclipse\plugins\org.hamcrest.core_1.3.0.v201303031735.jar;C:\Users\joaqu\Desktop\TpTaller\jrpg-2017b-cliente\bin;C:\Users\joaqu\Desktop\TpTaller\jrpg-2017b-cliente\gson-2.8.0.jar;C:\Users\joaqu\Desktop\TpTaller\jrpg-2017b-dominio\bin;C:\Users\joaqu\Desktop\TpTaller\jrpg-2017b-servidor\lib\antlr-2.7.7.jar;C:\Users\joaqu\Desktop\TpTaller\jrpg-2017b-servidor\lib\classmate-1.3.0.jar;C:\Users\joaqu\Desktop\TpTaller\jrpg-2017b-servidor\lib\dom4j-1.6.1.jar;C:\Users\joaqu\Desktop\TpTaller\jrpg-2017b-servidor\lib\hibernate-commons-annotations-5.0.1.Final.jar;C:\Users\joaqu\Desktop\TpTaller\jrpg-2017b-servidor\lib\hibernate-core-5.2.11.Final.
Launcher Type: SUN_STANDARD

Environment Variables:
PATH=C:/Program Files/Java/jdk1.8.0_144/bin/../jre/bin/server;C:/Program Files/Java/jdk1.8.0_144/bin/../jre/bin;C:/Program Files/Java/jdk1.8.0_144/bin/../jre/lib/amd64;C:\Program Files\Java\jdk1.8.0_144\bin;C:\Program Files (x86)\Skype\Phone\;C:\Gradle\gradle-4.2.1\bin;C:\Users\joaqu\AppData\Local\Microsoft\WindowsApps;;C:\Program Files\eclipse;
USERNAME=joaqu
OS=Windows_NT
PROCESSOR_IDENTIFIER=Intel64 Family 6 Model 69 Stepping 1, GenuineIntel



---------------  S Y S T E M  ---------------

OS: Windows 10.0 , 64 bit Build 15063 (10.0.15063.296)

CPU:total 4 (initial active 4) (2 cores per cpu, 2 threads per core) family 6 model 69 stepping 1, cmov, cx8, fxsr, mmx, sse, sse2, sse3, ssse3, sse4.1, sse4.2, popcnt, avx, avx2, aes, clmul, erms, lzcnt, ht, tsc, tscinvbit, bmi1, bmi2

Memory: 4k page, physical 4084628k(1681140k free), swap 5512084k(2694592k free)

vm_info: Java HotSpot(TM) 64-Bit Server VM (25.144-b01) for windows-amd64 JRE (1.8.0_144-b01), built on Jul 21 2017 21:57:33 by "java_re" with MS VC++ 10.0 (VS2010)

time: Sat Nov 04 12:39:50 2017
elapsed time: 33 seconds (0d 0h 0m 33s)

